<?xml version="1.0" encoding="UTF-8"?>
<!-- Generated by org.testng.reporters.JUnitXMLReporter -->
<testsuite hostname="User" name="Test" tests="3" failures="1" timestamp="13 Sep 2018 13:32:13 GMT" time="0.094" errors="0">
  <testcase name="setemail" time="0.021" classname="runner.demo2">
    <failure type="java.lang.AssertionError" message="expected [true] but found [false]">
      <![CDATA[java.lang.AssertionError: expected [true] but found [false]
	at runner.demo2.setemail(demo2.java:10)
... Removed 28 stack frames]]>
    </failure>
  </testcase> <!-- setemail -->
  <testcase name="setfb" time="0.003" classname="runner.demo1"/>
  <testcase name="settwitter" time="0.002" classname="runner.demo3"/>
</testsuite> <!-- Test -->
